<?xml version="1.0" encoding="UTF-8"?>
<!-- Generated by org.testng.reporters.JUnitReportReporter -->
<testsuite hostname="LAPTOP-F7RL5C13" failures="0" tests="1" name="com.jenkins.Jenkins" time="51.123" errors="0" timestamp="2022-03-10T16:48:29 IST" skipped="0">
  <testcase classname="com.jenkins.Jenkins" name="prac" time="51.123"/>
  <system-out/>
</testsuite> <!-- com.jenkins.Jenkins -->
